\BOOKMARK [1][-]{section.1}{\376\377\172\340\202\202\176\323\147\204\155\113\213\325}{}% 1
\BOOKMARK [2][-]{subsection.1.1}{\376\377\134\017\202\202\150\007\230\230}{section.1}% 2
\BOOKMARK [3][-]{subsubsection.1.1.1}{\376\377\133\120\202\202\150\007\230\230}{subsection.1.1}% 3
\BOOKMARK [1][-]{section.2}{\376\377\133\232\164\006\173\111\163\257\130\203\155\113\213\325}{}% 4
\BOOKMARK [2][-]{subsection.2.1}{\376\377\177\026\123\367\163\257\130\203\116\016\116\015\177\026\123\367\163\257\130\203}{section.2}% 5
\BOOKMARK [3][-]{subsubsection.2.1.1}{\376\377\177\026\123\367\163\257\130\203}{subsection.2.1}% 6
\BOOKMARK [3][-]{subsubsection.2.1.2}{\376\377\145\340\177\026\123\367\163\257\130\203}{subsection.2.1}% 7
\BOOKMARK [1][-]{section.3}{\376\377\121\154\137\017\155\113\213\325}{}% 8
\BOOKMARK [2][-]{subsection.3.1}{\376\377\210\114\121\205\121\154\137\017}{section.3}% 9
\BOOKMARK [2][-]{subsection.3.2}{\376\377\145\164\210\114\121\154\137\017}{section.3}% 10
\BOOKMARK [2][-]{subsection.3.3}{\376\377\131\032\210\114\121\154\137\017}{section.3}% 11
\BOOKMARK [3][-]{subsubsection.3.3.1}{\376\377\000a\000l\000i\000g\000n\163\257\130\203}{subsection.3.3}% 12
\BOOKMARK [3][-]{subsubsection.3.3.2}{\376\377\000s\000p\000l\000i\000t\163\257\130\203\377\010\121\205\135\114\377\011}{subsection.3.3}% 13
\BOOKMARK [3][-]{subsubsection.3.3.3}{\376\377\136\046\131\047\142\354\123\367\166\204\131\032\210\114\121\154\137\017}{subsection.3.3}% 14
\BOOKMARK [2][-]{subsection.3.4}{\376\377\116\244\143\142\126\376}{section.3}% 15
\BOOKMARK [1][-]{section.4}{\376\377\210\150\116\016\126\376}{}% 16
\BOOKMARK [2][-]{subsection.4.1}{\376\377\210\150\150\074}{section.4}% 17
\BOOKMARK [2][-]{subsection.4.2}{\376\377\143\322\126\376}{section.4}% 18
\BOOKMARK [1][-]{section.5}{\376\377\154\350\221\312\116\016\137\025\165\050}{}% 19
\BOOKMARK [2][-]{subsection.5.1}{\376\377\154\350\221\312\040\024\040\024\201\032\154\350\116\016\134\076\154\350}{section.5}% 20
\BOOKMARK [3][-]{subsubsection.5.1.1}{\376\377\201\032\154\350}{subsection.5.1}% 21
\BOOKMARK [3][-]{subsubsection.5.1.2}{\376\377\134\076\154\350}{subsection.5.1}% 22
\BOOKMARK [2][-]{subsection.5.2}{\376\377\145\207\163\056\137\025\165\050\166\204\157\024\171\072}{section.5}% 23
\BOOKMARK [1][-]{section*.6}{\376\377\123\302\200\003\145\207\163\056}{}% 24
\BOOKMARK [1][-]{附录.1.A}{\376\377\226\104\137\125\000\040\133\236\232\214\145\160\143\156}{}% 25
\BOOKMARK [1][-]{附录.1.B}{\376\377\226\104\137\125\000\040\214\003\147\345\176\323\147\234}{}% 26
\BOOKMARK [1][-]{section*.7}{\376\377\201\364\214\042}{}% 27
